<?xml version="1.0" encoding="UTF-8"?>
<!-- Generated by org.testng.reporters.JUnitXMLReporter -->
<testsuite hostname="MSI" name="Command line test" tests="0" failures="0" timestamp="5 Apr 2020 10:10:47 GMT" time="0.248" errors="0">
  <testcase name="@BeforeClass envSetUp" time="0.0" classname="com.test.api.Test">
    <failure type="java.lang.IndexOutOfBoundsException" message="Index: 0, Size: 0">
      <![CDATA[java.lang.IndexOutOfBoundsException: Index: 0, Size: 0
	at java.util.ArrayList.rangeCheck(ArrayList.java:657)
	at java.util.ArrayList.get(ArrayList.java:433)
	at com.test.api.Test.envSetUp(Test.java:46)
	at com.sun.proxy.$Proxy0.invoke(Unknown Source)
... Removed 32 stack frames]]>
    </failure>
  </testcase> <!-- @BeforeClass envSetUp -->
</testsuite> <!-- Command line test -->
